<?xml version="1.0" encoding="UTF-8"?>
<testsuite xmlns:xsi="http://www.w3.org/2001/XMLSchema-instance" xsi:noNamespaceSchemaLocation="https://maven.apache.org/surefire/maven-surefire-plugin/xsd/surefire-test-report.xsd" name="Hook.TestRunner" time="147.431" tests="3" errors="0" skipped="0" failures="0">
  <properties>
    <property name="sun.desktop" value="windows"/>
    <property name="awt.toolkit" value="sun.awt.windows.WToolkit"/>
    <property name="file.encoding.pkg" value="sun.io"/>
    <property name="java.specification.version" value="1.8"/>
    <property name="sun.cpu.isalist" value="amd64"/>
    <property name="sun.jnu.encoding" value="Cp1252"/>
    <property name="java.class.path" value="C:\HCL-All-Items\rkgitrepo\CI\target\test-classes;C:\HCL-All-Items\rkgitrepo\CI\target\classes;C:\MAVEN_REPO\junit\junit\4.12\junit-4.12.jar;C:\MAVEN_REPO\org\hamcrest\hamcrest-core\1.3\hamcrest-core-1.3.jar;C:\MAVEN_REPO\io\cucumber\cucumber-core\3.0.2\cucumber-core-3.0.2.jar;C:\MAVEN_REPO\io\cucumber\cucumber-html\0.2.7\cucumber-html-0.2.7.jar;C:\MAVEN_REPO\io\cucumber\tag-expressions\1.1.1\tag-expressions-1.1.1.jar;C:\MAVEN_REPO\io\cucumber\cucumber-expressions\5.0.19\cucumber-expressions-5.0.19.jar;C:\MAVEN_REPO\io\cucumber\datatable\1.0.3\datatable-1.0.3.jar;C:\MAVEN_REPO\io\cucumber\datatable-dependencies\1.0.3\datatable-dependencies-1.0.3.jar;C:\MAVEN_REPO\io\cucumber\cucumber-junit\3.0.2\cucumber-junit-3.0.2.jar;C:\MAVEN_REPO\io\cucumber\cucumber-java\3.0.2\cucumber-java-3.0.2.jar;C:\MAVEN_REPO\org\seleniumhq\selenium\selenium-java\3.14.0\selenium-java-3.14.0.jar;C:\MAVEN_REPO\org\seleniumhq\selenium\selenium-api\3.14.0\selenium-api-3.14.0.jar;C:\MAVEN_REPO\org\seleniumhq\selenium\selenium-chrome-driver\3.14.0\selenium-chrome-driver-3.14.0.jar;C:\MAVEN_REPO\org\seleniumhq\selenium\selenium-edge-driver\3.14.0\selenium-edge-driver-3.14.0.jar;C:\MAVEN_REPO\org\seleniumhq\selenium\selenium-ie-driver\3.14.0\selenium-ie-driver-3.14.0.jar;C:\MAVEN_REPO\org\seleniumhq\selenium\selenium-opera-driver\3.14.0\selenium-opera-driver-3.14.0.jar;C:\MAVEN_REPO\org\seleniumhq\selenium\selenium-remote-driver\3.14.0\selenium-remote-driver-3.14.0.jar;C:\MAVEN_REPO\org\seleniumhq\selenium\selenium-safari-driver\3.14.0\selenium-safari-driver-3.14.0.jar;C:\MAVEN_REPO\org\seleniumhq\selenium\selenium-support\3.14.0\selenium-support-3.14.0.jar;C:\MAVEN_REPO\net\bytebuddy\byte-buddy\1.8.15\byte-buddy-1.8.15.jar;C:\MAVEN_REPO\org\apache\commons\commons-exec\1.3\commons-exec-1.3.jar;C:\MAVEN_REPO\commons-codec\commons-codec\1.10\commons-codec-1.10.jar;C:\MAVEN_REPO\commons-logging\commons-logging\1.2\commons-logging-1.2.jar;C:\MAVEN_REPO\com\google\guava\guava\25.0-jre\guava-25.0-jre.jar;C:\MAVEN_REPO\com\google\code\findbugs\jsr305\1.3.9\jsr305-1.3.9.jar;C:\MAVEN_REPO\org\checkerframework\checker-compat-qual\2.0.0\checker-compat-qual-2.0.0.jar;C:\MAVEN_REPO\com\google\errorprone\error_prone_annotations\2.1.3\error_prone_annotations-2.1.3.jar;C:\MAVEN_REPO\com\google\j2objc\j2objc-annotations\1.1\j2objc-annotations-1.1.jar;C:\MAVEN_REPO\org\codehaus\mojo\animal-sniffer-annotations\1.14\animal-sniffer-annotations-1.14.jar;C:\MAVEN_REPO\org\apache\httpcomponents\httpclient\4.5.5\httpclient-4.5.5.jar;C:\MAVEN_REPO\org\apache\httpcomponents\httpcore\4.4.9\httpcore-4.4.9.jar;C:\MAVEN_REPO\com\squareup\okhttp3\okhttp\3.10.0\okhttp-3.10.0.jar;C:\MAVEN_REPO\com\squareup\okio\okio\1.14.1\okio-1.14.1.jar;C:\MAVEN_REPO\io\cucumber\gherkin\5.1.0\gherkin-5.1.0.jar;C:\MAVEN_REPO\io\cucumber\gherkin-jvm-deps\1.0.4\gherkin-jvm-deps-1.0.4.jar;C:\MAVEN_REPO\io\cucumber\cucumber-picocontainer\3.0.2\cucumber-picocontainer-3.0.2.jar;C:\MAVEN_REPO\org\picocontainer\picocontainer\2.15\picocontainer-2.15.jar;C:\MAVEN_REPO\org\seleniumhq\selenium\selenium-firefox-driver\3.14.0\selenium-firefox-driver-3.14.0.jar;C:\MAVEN_REPO\org\apache\maven\plugins\maven-surefire-plugin\2.22.0\maven-surefire-plugin-2.22.0.jar;C:\MAVEN_REPO\org\apache\maven\surefire\maven-surefire-common\2.22.0\maven-surefire-common-2.22.0.jar;C:\MAVEN_REPO\org\apache\maven\maven-plugin-api\2.2.1\maven-plugin-api-2.2.1.jar;C:\MAVEN_REPO\org\apache\maven\plugin-tools\maven-plugin-annotations\3.5\maven-plugin-annotations-3.5.jar;C:\MAVEN_REPO\org\apache\maven\surefire\surefire-api\2.22.0\surefire-api-2.22.0.jar;C:\MAVEN_REPO\org\apache\maven\surefire\surefire-logger-api\2.22.0\surefire-logger-api-2.22.0.jar;C:\MAVEN_REPO\org\apache\maven\surefire\surefire-booter\2.22.0\surefire-booter-2.22.0.jar;C:\MAVEN_REPO\org\apache\maven\maven-artifact\2.2.1\maven-artifact-2.2.1.jar;C:\MAVEN_REPO\org\codehaus\plexus\plexus-utils\1.5.15\plexus-utils-1.5.15.jar;C:\MAVEN_REPO\org\apache\maven\maven-plugin-descriptor\2.2.1\maven-plugin-descriptor-2.2.1.jar;C:\MAVEN_REPO\org\codehaus\plexus\plexus-container-default\1.0-alpha-9-stable-1\plexus-container-default-1.0-alpha-9-stable-1.jar;C:\MAVEN_REPO\org\apache\maven\maven-project\2.2.1\maven-project-2.2.1.jar;C:\MAVEN_REPO\org\apache\maven\maven-settings\2.2.1\maven-settings-2.2.1.jar;C:\MAVEN_REPO\org\apache\maven\maven-profile\2.2.1\maven-profile-2.2.1.jar;C:\MAVEN_REPO\org\apache\maven\maven-artifact-manager\2.2.1\maven-artifact-manager-2.2.1.jar;C:\MAVEN_REPO\backport-util-concurrent\backport-util-concurrent\3.1\backport-util-concurrent-3.1.jar;C:\MAVEN_REPO\org\apache\maven\maven-plugin-registry\2.2.1\maven-plugin-registry-2.2.1.jar;C:\MAVEN_REPO\org\codehaus\plexus\plexus-interpolation\1.11\plexus-interpolation-1.11.jar;C:\MAVEN_REPO\org\apache\maven\maven-model\2.2.1\maven-model-2.2.1.jar;C:\MAVEN_REPO\org\apache\maven\maven-core\2.2.1\maven-core-2.2.1.jar;C:\MAVEN_REPO\org\apache\maven\maven-plugin-parameter-documenter\2.2.1\maven-plugin-parameter-documenter-2.2.1.jar;C:\MAVEN_REPO\org\apache\maven\wagon\wagon-http\1.0-beta-6\wagon-http-1.0-beta-6.jar;C:\MAVEN_REPO\org\apache\maven\wagon\wagon-http-shared\1.0-beta-6\wagon-http-shared-1.0-beta-6.jar;C:\MAVEN_REPO\nekohtml\xercesMinimal\1.9.6.2\xercesMinimal-1.9.6.2.jar;C:\MAVEN_REPO\nekohtml\nekohtml\1.9.6.2\nekohtml-1.9.6.2.jar;C:\MAVEN_REPO\commons-httpclient\commons-httpclient\3.1\commons-httpclient-3.1.jar;C:\MAVEN_REPO\org\apache\maven\wagon\wagon-webdav-jackrabbit\1.0-beta-6\wagon-webdav-jackrabbit-1.0-beta-6.jar;C:\MAVEN_REPO\org\apache\jackrabbit\jackrabbit-webdav\1.5.0\jackrabbit-webdav-1.5.0.jar;C:\MAVEN_REPO\org\apache\jackrabbit\jackrabbit-jcr-commons\1.5.0\jackrabbit-jcr-commons-1.5.0.jar;C:\MAVEN_REPO\org\slf4j\slf4j-nop\1.5.3\slf4j-nop-1.5.3.jar;C:\MAVEN_REPO\org\slf4j\slf4j-jdk14\1.5.6\slf4j-jdk14-1.5.6.jar;C:\MAVEN_REPO\org\apache\maven\reporting\maven-reporting-api\2.2.1\maven-reporting-api-2.2.1.jar;C:\MAVEN_REPO\org\apache\maven\doxia\doxia-logging-api\1.1\doxia-logging-api-1.1.jar;C:\MAVEN_REPO\org\apache\maven\wagon\wagon-provider-api\1.0-beta-6\wagon-provider-api-1.0-beta-6.jar;C:\MAVEN_REPO\org\apache\maven\maven-repository-metadata\2.2.1\maven-repository-metadata-2.2.1.jar;C:\MAVEN_REPO\org\apache\maven\maven-error-diagnostics\2.2.1\maven-error-diagnostics-2.2.1.jar;C:\MAVEN_REPO\org\apache\maven\maven-monitor\2.2.1\maven-monitor-2.2.1.jar;C:\MAVEN_REPO\classworlds\classworlds\1.1\classworlds-1.1.jar;C:\MAVEN_REPO\org\sonatype\plexus\plexus-sec-dispatcher\1.3\plexus-sec-dispatcher-1.3.jar;C:\MAVEN_REPO\org\sonatype\plexus\plexus-cipher\1.4\plexus-cipher-1.4.jar;C:\MAVEN_REPO\org\apache\maven\maven-toolchain\2.2.1\maven-toolchain-2.2.1.jar;C:\MAVEN_REPO\org\codehaus\plexus\plexus-java\0.9.8\plexus-java-0.9.8.jar;C:\MAVEN_REPO\org\ow2\asm\asm\6.1.1\asm-6.1.1.jar;C:\MAVEN_REPO\com\thoughtworks\qdox\qdox\2.0-M7\qdox-2.0-M7.jar;"/>
    <property name="java.vm.vendor" value="Oracle Corporation"/>
    <property name="sun.arch.data.model" value="64"/>
    <property name="user.variant" value=""/>
    <property name="java.vendor.url" value="http://java.oracle.com/"/>
    <property name="user.timezone" value="Asia/Calcutta"/>
    <property name="java.vm.specification.version" value="1.8"/>
    <property name="os.name" value="Windows 10"/>
    <property name="user.country" value="US"/>
    <property name="sun.java.launcher" value="SUN_STANDARD"/>
    <property name="sun.boot.library.path" value="C:\Program Files\Java\jdk1.8.0_121\jre\bin"/>
    <property name="sun.java.command" value="C:\Users\RAMESH~1.M\AppData\Local\Temp\surefire1882352939425543477\surefirebooter6032295715108162663.jar C:\Users\rameshkumar.m\AppData\Local\Temp\surefire1882352939425543477 2019-12-19T13-38-21_552-jvmRun1 surefire6627767392821952221tmp surefire_0369671329864526079tmp"/>
    <property name="surefire.test.class.path" value="C:\HCL-All-Items\rkgitrepo\CI\target\test-classes;C:\HCL-All-Items\rkgitrepo\CI\target\classes;C:\MAVEN_REPO\junit\junit\4.12\junit-4.12.jar;C:\MAVEN_REPO\org\hamcrest\hamcrest-core\1.3\hamcrest-core-1.3.jar;C:\MAVEN_REPO\io\cucumber\cucumber-core\3.0.2\cucumber-core-3.0.2.jar;C:\MAVEN_REPO\io\cucumber\cucumber-html\0.2.7\cucumber-html-0.2.7.jar;C:\MAVEN_REPO\io\cucumber\tag-expressions\1.1.1\tag-expressions-1.1.1.jar;C:\MAVEN_REPO\io\cucumber\cucumber-expressions\5.0.19\cucumber-expressions-5.0.19.jar;C:\MAVEN_REPO\io\cucumber\datatable\1.0.3\datatable-1.0.3.jar;C:\MAVEN_REPO\io\cucumber\datatable-dependencies\1.0.3\datatable-dependencies-1.0.3.jar;C:\MAVEN_REPO\io\cucumber\cucumber-junit\3.0.2\cucumber-junit-3.0.2.jar;C:\MAVEN_REPO\io\cucumber\cucumber-java\3.0.2\cucumber-java-3.0.2.jar;C:\MAVEN_REPO\org\seleniumhq\selenium\selenium-java\3.14.0\selenium-java-3.14.0.jar;C:\MAVEN_REPO\org\seleniumhq\selenium\selenium-api\3.14.0\selenium-api-3.14.0.jar;C:\MAVEN_REPO\org\seleniumhq\selenium\selenium-chrome-driver\3.14.0\selenium-chrome-driver-3.14.0.jar;C:\MAVEN_REPO\org\seleniumhq\selenium\selenium-edge-driver\3.14.0\selenium-edge-driver-3.14.0.jar;C:\MAVEN_REPO\org\seleniumhq\selenium\selenium-ie-driver\3.14.0\selenium-ie-driver-3.14.0.jar;C:\MAVEN_REPO\org\seleniumhq\selenium\selenium-opera-driver\3.14.0\selenium-opera-driver-3.14.0.jar;C:\MAVEN_REPO\org\seleniumhq\selenium\selenium-remote-driver\3.14.0\selenium-remote-driver-3.14.0.jar;C:\MAVEN_REPO\org\seleniumhq\selenium\selenium-safari-driver\3.14.0\selenium-safari-driver-3.14.0.jar;C:\MAVEN_REPO\org\seleniumhq\selenium\selenium-support\3.14.0\selenium-support-3.14.0.jar;C:\MAVEN_REPO\net\bytebuddy\byte-buddy\1.8.15\byte-buddy-1.8.15.jar;C:\MAVEN_REPO\org\apache\commons\commons-exec\1.3\commons-exec-1.3.jar;C:\MAVEN_REPO\commons-codec\commons-codec\1.10\commons-codec-1.10.jar;C:\MAVEN_REPO\commons-logging\commons-logging\1.2\commons-logging-1.2.jar;C:\MAVEN_REPO\com\google\guava\guava\25.0-jre\guava-25.0-jre.jar;C:\MAVEN_REPO\com\google\code\findbugs\jsr305\1.3.9\jsr305-1.3.9.jar;C:\MAVEN_REPO\org\checkerframework\checker-compat-qual\2.0.0\checker-compat-qual-2.0.0.jar;C:\MAVEN_REPO\com\google\errorprone\error_prone_annotations\2.1.3\error_prone_annotations-2.1.3.jar;C:\MAVEN_REPO\com\google\j2objc\j2objc-annotations\1.1\j2objc-annotations-1.1.jar;C:\MAVEN_REPO\org\codehaus\mojo\animal-sniffer-annotations\1.14\animal-sniffer-annotations-1.14.jar;C:\MAVEN_REPO\org\apache\httpcomponents\httpclient\4.5.5\httpclient-4.5.5.jar;C:\MAVEN_REPO\org\apache\httpcomponents\httpcore\4.4.9\httpcore-4.4.9.jar;C:\MAVEN_REPO\com\squareup\okhttp3\okhttp\3.10.0\okhttp-3.10.0.jar;C:\MAVEN_REPO\com\squareup\okio\okio\1.14.1\okio-1.14.1.jar;C:\MAVEN_REPO\io\cucumber\gherkin\5.1.0\gherkin-5.1.0.jar;C:\MAVEN_REPO\io\cucumber\gherkin-jvm-deps\1.0.4\gherkin-jvm-deps-1.0.4.jar;C:\MAVEN_REPO\io\cucumber\cucumber-picocontainer\3.0.2\cucumber-picocontainer-3.0.2.jar;C:\MAVEN_REPO\org\picocontainer\picocontainer\2.15\picocontainer-2.15.jar;C:\MAVEN_REPO\org\seleniumhq\selenium\selenium-firefox-driver\3.14.0\selenium-firefox-driver-3.14.0.jar;C:\MAVEN_REPO\org\apache\maven\plugins\maven-surefire-plugin\2.22.0\maven-surefire-plugin-2.22.0.jar;C:\MAVEN_REPO\org\apache\maven\surefire\maven-surefire-common\2.22.0\maven-surefire-common-2.22.0.jar;C:\MAVEN_REPO\org\apache\maven\maven-plugin-api\2.2.1\maven-plugin-api-2.2.1.jar;C:\MAVEN_REPO\org\apache\maven\plugin-tools\maven-plugin-annotations\3.5\maven-plugin-annotations-3.5.jar;C:\MAVEN_REPO\org\apache\maven\surefire\surefire-api\2.22.0\surefire-api-2.22.0.jar;C:\MAVEN_REPO\org\apache\maven\surefire\surefire-logger-api\2.22.0\surefire-logger-api-2.22.0.jar;C:\MAVEN_REPO\org\apache\maven\surefire\surefire-booter\2.22.0\surefire-booter-2.22.0.jar;C:\MAVEN_REPO\org\apache\maven\maven-artifact\2.2.1\maven-artifact-2.2.1.jar;C:\MAVEN_REPO\org\codehaus\plexus\plexus-utils\1.5.15\plexus-utils-1.5.15.jar;C:\MAVEN_REPO\org\apache\maven\maven-plugin-descriptor\2.2.1\maven-plugin-descriptor-2.2.1.jar;C:\MAVEN_REPO\org\codehaus\plexus\plexus-container-default\1.0-alpha-9-stable-1\plexus-container-default-1.0-alpha-9-stable-1.jar;C:\MAVEN_REPO\org\apache\maven\maven-project\2.2.1\maven-project-2.2.1.jar;C:\MAVEN_REPO\org\apache\maven\maven-settings\2.2.1\maven-settings-2.2.1.jar;C:\MAVEN_REPO\org\apache\maven\maven-profile\2.2.1\maven-profile-2.2.1.jar;C:\MAVEN_REPO\org\apache\maven\maven-artifact-manager\2.2.1\maven-artifact-manager-2.2.1.jar;C:\MAVEN_REPO\backport-util-concurrent\backport-util-concurrent\3.1\backport-util-concurrent-3.1.jar;C:\MAVEN_REPO\org\apache\maven\maven-plugin-registry\2.2.1\maven-plugin-registry-2.2.1.jar;C:\MAVEN_REPO\org\codehaus\plexus\plexus-interpolation\1.11\plexus-interpolation-1.11.jar;C:\MAVEN_REPO\org\apache\maven\maven-model\2.2.1\maven-model-2.2.1.jar;C:\MAVEN_REPO\org\apache\maven\maven-core\2.2.1\maven-core-2.2.1.jar;C:\MAVEN_REPO\org\apache\maven\maven-plugin-parameter-documenter\2.2.1\maven-plugin-parameter-documenter-2.2.1.jar;C:\MAVEN_REPO\org\apache\maven\wagon\wagon-http\1.0-beta-6\wagon-http-1.0-beta-6.jar;C:\MAVEN_REPO\org\apache\maven\wagon\wagon-http-shared\1.0-beta-6\wagon-http-shared-1.0-beta-6.jar;C:\MAVEN_REPO\nekohtml\xercesMinimal\1.9.6.2\xercesMinimal-1.9.6.2.jar;C:\MAVEN_REPO\nekohtml\nekohtml\1.9.6.2\nekohtml-1.9.6.2.jar;C:\MAVEN_REPO\commons-httpclient\commons-httpclient\3.1\commons-httpclient-3.1.jar;C:\MAVEN_REPO\org\apache\maven\wagon\wagon-webdav-jackrabbit\1.0-beta-6\wagon-webdav-jackrabbit-1.0-beta-6.jar;C:\MAVEN_REPO\org\apache\jackrabbit\jackrabbit-webdav\1.5.0\jackrabbit-webdav-1.5.0.jar;C:\MAVEN_REPO\org\apache\jackrabbit\jackrabbit-jcr-commons\1.5.0\jackrabbit-jcr-commons-1.5.0.jar;C:\MAVEN_REPO\org\slf4j\slf4j-nop\1.5.3\slf4j-nop-1.5.3.jar;C:\MAVEN_REPO\org\slf4j\slf4j-jdk14\1.5.6\slf4j-jdk14-1.5.6.jar;C:\MAVEN_REPO\org\apache\maven\reporting\maven-reporting-api\2.2.1\maven-reporting-api-2.2.1.jar;C:\MAVEN_REPO\org\apache\maven\doxia\doxia-logging-api\1.1\doxia-logging-api-1.1.jar;C:\MAVEN_REPO\org\apache\maven\wagon\wagon-provider-api\1.0-beta-6\wagon-provider-api-1.0-beta-6.jar;C:\MAVEN_REPO\org\apache\maven\maven-repository-metadata\2.2.1\maven-repository-metadata-2.2.1.jar;C:\MAVEN_REPO\org\apache\maven\maven-error-diagnostics\2.2.1\maven-error-diagnostics-2.2.1.jar;C:\MAVEN_REPO\org\apache\maven\maven-monitor\2.2.1\maven-monitor-2.2.1.jar;C:\MAVEN_REPO\classworlds\classworlds\1.1\classworlds-1.1.jar;C:\MAVEN_REPO\org\sonatype\plexus\plexus-sec-dispatcher\1.3\plexus-sec-dispatcher-1.3.jar;C:\MAVEN_REPO\org\sonatype\plexus\plexus-cipher\1.4\plexus-cipher-1.4.jar;C:\MAVEN_REPO\org\apache\maven\maven-toolchain\2.2.1\maven-toolchain-2.2.1.jar;C:\MAVEN_REPO\org\codehaus\plexus\plexus-java\0.9.8\plexus-java-0.9.8.jar;C:\MAVEN_REPO\org\ow2\asm\asm\6.1.1\asm-6.1.1.jar;C:\MAVEN_REPO\com\thoughtworks\qdox\qdox\2.0-M7\qdox-2.0-M7.jar;"/>
    <property name="sun.cpu.endian" value="little"/>
    <property name="user.home" value="C:\Users\rameshkumar.m"/>
    <property name="user.language" value="en"/>
    <property name="java.specification.vendor" value="Oracle Corporation"/>
    <property name="java.home" value="C:\Program Files\Java\jdk1.8.0_121\jre"/>
    <property name="basedir" value="C:\HCL-All-Items\rkgitrepo\CI"/>
    <property name="file.separator" value="\"/>
    <property name="line.separator" value="&#10;"/>
    <property name="java.vm.specification.vendor" value="Oracle Corporation"/>
    <property name="java.specification.name" value="Java Platform API Specification"/>
    <property name="java.awt.graphicsenv" value="sun.awt.Win32GraphicsEnvironment"/>
    <property name="surefire.real.class.path" value="C:\Users\RAMESH~1.M\AppData\Local\Temp\surefire1882352939425543477\surefirebooter6032295715108162663.jar"/>
    <property name="sun.boot.class.path" value="C:\Program Files\Java\jdk1.8.0_121\jre\lib\resources.jar;C:\Program Files\Java\jdk1.8.0_121\jre\lib\rt.jar;C:\Program Files\Java\jdk1.8.0_121\jre\lib\sunrsasign.jar;C:\Program Files\Java\jdk1.8.0_121\jre\lib\jsse.jar;C:\Program Files\Java\jdk1.8.0_121\jre\lib\jce.jar;C:\Program Files\Java\jdk1.8.0_121\jre\lib\charsets.jar;C:\Program Files\Java\jdk1.8.0_121\jre\lib\jfr.jar;C:\Program Files\Java\jdk1.8.0_121\jre\classes"/>
    <property name="user.script" value=""/>
    <property name="sun.management.compiler" value="HotSpot 64-Bit Tiered Compilers"/>
    <property name="java.runtime.version" value="1.8.0_121-b13"/>
    <property name="user.name" value="rameshkumar.m"/>
    <property name="path.separator" value=";"/>
    <property name="os.version" value="10.0"/>
    <property name="java.endorsed.dirs" value="C:\Program Files\Java\jdk1.8.0_121\jre\lib\endorsed"/>
    <property name="java.runtime.name" value="Java(TM) SE Runtime Environment"/>
    <property name="file.encoding" value="Cp1252"/>
    <property name="java.vm.name" value="Java HotSpot(TM) 64-Bit Server VM"/>
    <property name="localRepository" value="C:\MAVEN_REPO"/>
    <property name="java.vendor.url.bug" value="http://bugreport.sun.com/bugreport/"/>
    <property name="java.io.tmpdir" value="C:\Users\RAMESH~1.M\AppData\Local\Temp\"/>
    <property name="java.version" value="1.8.0_121"/>
    <property name="user.dir" value="C:\HCL-All-Items\rkgitrepo\CI"/>
    <property name="os.arch" value="amd64"/>
    <property name="java.vm.specification.name" value="Java Virtual Machine Specification"/>
    <property name="java.awt.printerjob" value="sun.awt.windows.WPrinterJob"/>
    <property name="sun.os.patch.level" value=""/>
    <property name="java.library.path" value="C:\Program Files\Java\jdk1.8.0_121\jre\bin;C:\WINDOWS\Sun\Java\bin;C:\WINDOWS\system32;C:\WINDOWS;C:\Program Files\Java\jdk1.8.0_121\jre\bin;C:\ProgramData\Oracle\Java\javapath;C:\WINDOWS\system32;C:\WINDOWS;C:\WINDOWS\System32\Wbem;C:\WINDOWS\System32\WindowsPowerShell\v1.0\;C:\Windows\CCM;C:\Program Files\Microsoft VS Code\bin;C:\Program Files\AdoptOpenJDK\jre-8.0.212.04-hotspot\\bin;C:\Program Files\Git\cmd;C:\CustomPrograms\apache-maven-3.0.4\bin;C:\MAVEN_REPO;C:\Program Files\gradle-2.8\bin;C:\python;C:\python\Lib\;C:\python\DLLs\;C:\python\Lib\lib-tk;C:\python\Scripts\;C:\Program Files\Microsoft SQL Server\120\Tools\Binn\;C:\Program Files\Microsoft SQL Server\Client SDK\ODBC\110\Tools\Binn\;C:\Program Files (x86)\Microsoft SQL Server\120\Tools\Binn\;C:\Program Files\Microsoft SQL Server\120\DTS\Binn\;C:\Program Files (x86)\Microsoft SQL Server\120\Tools\Binn\ManagementStudio\;C:\Program Files (x86)\Microsoft SQL Server\120\DTS\Binn\;C:\Program Files\nodejs\;C:\Program Files\AdoptOpenJDK\jre-8.0.212.04-hotspot\;C:\Users\rameshkumar.m\AppData\Local\Microsoft\WindowsApps;C:\Users\rameshkumar.m\AppData\Roaming\npm;."/>
    <property name="java.vm.info" value="mixed mode"/>
    <property name="java.vendor" value="Oracle Corporation"/>
    <property name="java.vm.version" value="25.121-b13"/>
    <property name="java.ext.dirs" value="C:\Program Files\Java\jdk1.8.0_121\jre\lib\ext;C:\WINDOWS\Sun\Java\lib\ext"/>
    <property name="sun.io.unicode.encoding" value="UnicodeLittle"/>
    <property name="java.class.version" value="52.0"/>
  </properties>
  <testcase name="Navigate to SignIn Page from Landing page" classname="LandingPage Properties." time="52.748"/>
  <testcase name="Navigate to Registration Page from Landing page" classname="LandingPage Properties." time="47.918"/>
  <testcase name="Click Register button with out entering value in Required fields" classname="LandingPage Properties." time="43.308"/>
</testsuite>